<?xml version="1.0" encoding="UTF-8"?>
<testsuite xmlns:xsi="http://www.w3.org/2001/XMLSchema-instance" xsi:noNamespaceSchemaLocation="https://maven.apache.org/surefire/maven-surefire-plugin/xsd/surefire-test-report-3.0.xsd" version="3.0" name="com.example.MyJavaAppTests" time="3.738" tests="1" errors="0" skipped="0" failures="1">
  <properties>
[...]
</properties>
  <testcase name="testAppIsWorking" classname="com.example.MyJavaAppTests" time="1.18">
    <failure message="&#10;Expecting actual:&#10;  &quot;Hello CICD World!&quot;&#10;to contain:&#10;  &quot;Hello World!&quot; " type="java.lang.AssertionError"><![CDATA[java.lang.AssertionError: 

Expecting actual:
  "Hello CICD World!"
to contain:
  "Hello World!" 
	at com.example.MyJavaAppTests.testAppIsWorking(MyJavaAppTests.java:21)
	at java.base/java.lang.reflect.Method.invoke(Method.java:569)
	at java.base/java.util.ArrayList.forEach(ArrayList.java:1511)
	at java.base/java.util.ArrayList.forEach(ArrayList.java:1511)
]]></failure>
    <system-out><![CDATA[23:58:54.772 [main] INFO org.springframework.test.context.support.AnnotationConfigContextLoaderUtils -- Could not detect default configuration classes for test class [com.example.MyJavaAppTests]: MyJavaAppTests does not declare any static, non-private, non-final, nested classes annotated with @Configuration.
23:58:54.940 [main] INFO org.springframework.boot.test.context.SpringBootTestContextBootstrapper -- Found @SpringBootConfiguration com.example.App for test class com.example.MyJavaAppTests

  .   ____          _            __ _ _
 /\\ / ___'_ __ _ _(_)_ __  __ _ \ \ \ \
( ( )\___ | '_ | '_| | '_ \/ _` | \ \ \ \
 \\/  ___)| |_)| | | | | || (_| |  ) ) ) )
  '  |____| .__|_| |_|_| |_\__, | / / / /
 =========|_|==============|___/=/_/_/_/
 :: Spring Boot ::                (v3.2.2)

2025-03-12T23:58:55.403-06:00  INFO 44959 --- [           main] com.example.MyJavaAppTests               : Starting MyJavaAppTests using Java 17.0.14 with PID 44959 (started by clules48 in /Users/clules48/Documents/tec/6toSemestre/dockerActivities/java_Delivery-1Team41)
2025-03-12T23:58:55.407-06:00  INFO 44959 --- [           main] com.example.MyJavaAppTests               : No active profile set, falling back to 1 default profile: "default"
2025-03-12T23:58:56.555-06:00  INFO 44959 --- [           main] o.s.b.w.embedded.tomcat.TomcatWebServer  : Tomcat initialized with port 0 (http)
2025-03-12T23:58:56.566-06:00  INFO 44959 --- [           main] o.apache.catalina.core.StandardService   : Starting service [Tomcat]
2025-03-12T23:58:56.566-06:00  INFO 44959 --- [           main] o.apache.catalina.core.StandardEngine    : Starting Servlet engine: [Apache Tomcat/10.1.18]
2025-03-12T23:58:56.627-06:00  INFO 44959 --- [           main] o.a.c.c.C.[Tomcat].[localhost].[/]       : Initializing Spring embedded WebApplicationContext
2025-03-12T23:58:56.630-06:00  INFO 44959 --- [           main] w.s.c.ServletWebServerApplicationContext : Root WebApplicationContext: initialization completed in 1196 ms
2025-03-12T23:58:57.099-06:00  INFO 44959 --- [           main] o.s.b.w.embedded.tomcat.TomcatWebServer  : Tomcat started on port 55253 (http) with context path ''
2025-03-12T23:58:57.121-06:00  INFO 44959 --- [           main] com.example.MyJavaAppTests               : Started MyJavaAppTests in 2.073 seconds (process running for 3.265)
2025-03-12T23:58:58.221-06:00  INFO 44959 --- [o-auto-1-exec-1] o.a.c.c.C.[Tomcat].[localhost].[/]       : Initializing Spring DispatcherServlet 'dispatcherServlet'
2025-03-12T23:58:58.221-06:00  INFO 44959 --- [o-auto-1-exec-1] o.s.web.servlet.DispatcherServlet        : Initializing Servlet 'dispatcherServlet'
2025-03-12T23:58:58.225-06:00  INFO 44959 --- [o-auto-1-exec-1] o.s.web.servlet.DispatcherServlet        : Completed initialization in 4 ms
]]></system-out>
  </testcase>
</testsuite>